
> starter@1.0.0 e2e:base /Users/Haoyuan/Desktop/mocking
> mocha --opts e2e/mocha.opts e2e/*.spec.js "--reporter" "xunit"

<testsuite name="Mocha Tests" tests="0" failures="2" errors="2" skipped="-2" timestamp="Thu, 02 Mar 2017 05:49:52 GMT" time="2.236">
<testcase classname="Test Dummy Server Example Page" name="&quot;before all&quot; hook: should log in" time="0"><failure>no such element: Unable to locate element: {&quot;method&quot;:&quot;css selector&quot;,&quot;selector&quot;:&quot;*[id=&quot;username&quot;]&quot;}
  (Session info: chrome=56.0.2924.87)
  (Driver info: chromedriver=2.27.440174 (e97a722caafc2d3a8b807ee115bfb307f7d2cfd9),platform=Mac OS X 10.12.3 x86_64)
NoSuchElementError: no such element: Unable to locate element: {&quot;method&quot;:&quot;css selector&quot;,&quot;selector&quot;:&quot;*[id=&quot;username&quot;]&quot;}
  (Session info: chrome=56.0.2924.87)
  (Driver info: chromedriver=2.27.440174 (e97a722caafc2d3a8b807ee115bfb307f7d2cfd9),platform=Mac OS X 10.12.3 x86_64)
    at WebDriverError (node_modules/selenium-webdriver/lib/error.js:27:5)
    at NoSuchElementError (node_modules/selenium-webdriver/lib/error.js:242:5)
    at Object.checkLegacyResponse (node_modules/selenium-webdriver/lib/error.js:639:15)
    at parseHttpResponse (node_modules/selenium-webdriver/http/index.js:538:13)
    at client_.send.then.response (node_modules/selenium-webdriver/http/index.js:472:11)
    at ManagedPromise.invokeCallback_ (node_modules/selenium-webdriver/lib/promise.js:1379:14)
    at TaskQueue.execute_ (node_modules/selenium-webdriver/lib/promise.js:2913:14)
    at TaskQueue.executeNext_ (node_modules/selenium-webdriver/lib/promise.js:2896:21)
    at asyncRun (node_modules/selenium-webdriver/lib/promise.js:2820:25)
    at node_modules/selenium-webdriver/lib/promise.js:639:7
    at process._tickCallback (internal/process/next_tick.js:103:7)
From: Task: WebDriver.findElement(By(css selector, *[id=&quot;username&quot;]))
    at Driver.schedule (node_modules/selenium-webdriver/lib/webdriver.js:377:17)
    at Driver.findElement (node_modules/selenium-webdriver/lib/webdriver.js:864:17)
    at exports.findId (e2e/selenium.js:11:31)
    at exports.login (e2e/common.js:12:15)
    at ManagedPromise.invokeCallback_ (node_modules/selenium-webdriver/lib/promise.js:1379:14)
    at TaskQueue.execute_ (node_modules/selenium-webdriver/lib/promise.js:2913:14)
    at TaskQueue.executeNext_ (node_modules/selenium-webdriver/lib/promise.js:2896:21)
    at asyncRun (node_modules/selenium-webdriver/lib/promise.js:2775:27)
    at node_modules/selenium-webdriver/lib/promise.js:639:7
    at process._tickCallback (internal/process/next_tick.js:103:7)
From: Task: WebElement.clear()
    at Driver.schedule (node_modules/selenium-webdriver/lib/webdriver.js:377:17)
    at WebElementPromise.schedule_ (node_modules/selenium-webdriver/lib/webdriver.js:1744:25)
    at WebElementPromise.clear (node_modules/selenium-webdriver/lib/webdriver.js:2099:17)
    at exports.login (e2e/common.js:12:34)
    at ManagedPromise.invokeCallback_ (node_modules/selenium-webdriver/lib/promise.js:1379:14)
    at TaskQueue.execute_ (node_modules/selenium-webdriver/lib/promise.js:2913:14)
    at TaskQueue.executeNext_ (node_modules/selenium-webdriver/lib/promise.js:2896:21)
    at asyncRun (node_modules/selenium-webdriver/lib/promise.js:2775:27)
    at node_modules/selenium-webdriver/lib/promise.js:639:7
    at process._tickCallback (internal/process/next_tick.js:103:7)</failure></testcase>
<testcase classname="Test Dummy Server Example Page" name="&quot;after all&quot; hook: should log out" time="0"><failure>no such element: Unable to locate element: {&quot;method&quot;:&quot;css selector&quot;,&quot;selector&quot;:&quot;*[id=&quot;logout&quot;]&quot;}
  (Session info: chrome=56.0.2924.87)
  (Driver info: chromedriver=2.27.440174 (e97a722caafc2d3a8b807ee115bfb307f7d2cfd9),platform=Mac OS X 10.12.3 x86_64)
NoSuchElementError: no such element: Unable to locate element: {&quot;method&quot;:&quot;css selector&quot;,&quot;selector&quot;:&quot;*[id=&quot;logout&quot;]&quot;}
  (Session info: chrome=56.0.2924.87)
  (Driver info: chromedriver=2.27.440174 (e97a722caafc2d3a8b807ee115bfb307f7d2cfd9),platform=Mac OS X 10.12.3 x86_64)
    at WebDriverError (node_modules/selenium-webdriver/lib/error.js:27:5)
    at NoSuchElementError (node_modules/selenium-webdriver/lib/error.js:242:5)
    at Object.checkLegacyResponse (node_modules/selenium-webdriver/lib/error.js:639:15)
    at parseHttpResponse (node_modules/selenium-webdriver/http/index.js:538:13)
    at client_.send.then.response (node_modules/selenium-webdriver/http/index.js:472:11)
    at ManagedPromise.invokeCallback_ (node_modules/selenium-webdriver/lib/promise.js:1379:14)
    at TaskQueue.execute_ (node_modules/selenium-webdriver/lib/promise.js:2913:14)
    at TaskQueue.executeNext_ (node_modules/selenium-webdriver/lib/promise.js:2896:21)
    at asyncRun (node_modules/selenium-webdriver/lib/promise.js:2820:25)
    at node_modules/selenium-webdriver/lib/promise.js:639:7
    at process._tickCallback (internal/process/next_tick.js:103:7)
From: Task: WebDriver.findElement(By(css selector, *[id=&quot;logout&quot;]))
    at Driver.schedule (node_modules/selenium-webdriver/lib/webdriver.js:377:17)
    at Driver.findElement (node_modules/selenium-webdriver/lib/webdriver.js:864:17)
    at exports.findId (e2e/selenium.js:11:31)
    at Object.exports.logout (e2e/common.js:21:15)
    at Context.&lt;anonymous&gt; (e2e/login.spec.js:52:16)
From: Task: WebElement.click()
    at Driver.schedule (node_modules/selenium-webdriver/lib/webdriver.js:377:17)
    at WebElementPromise.schedule_ (node_modules/selenium-webdriver/lib/webdriver.js:1744:25)
    at WebElementPromise.click (node_modules/selenium-webdriver/lib/webdriver.js:1845:17)
    at Object.exports.logout (e2e/common.js:21:32)
    at Context.&lt;anonymous&gt; (e2e/login.spec.js:52:16)</failure></testcase>
</testsuite>
